gradle-build/AliyunImport/import_demo/outputs/logs/manifest-merger-debug-report.txt
-- Merging decision tree log ---
manifest
ADDED from src/main/AndroidManifest.xml:2:1-25:12
INJECTED from src/main/AndroidManifest.xml:2:1-25:12
INJECTED from src/main/AndroidManifest.xml:2:1-25:12
INJECTED from src/main/AndroidManifest.xml:2:1-25:12
INJECTED from src/main/AndroidManifest.xml:2:1-25:12
INJECTED from src/main/AndroidManifest.xml:2:1-25:12
INJECTED from src/main/AndroidManifest.xml:2:1-25:12
	package
		ADDED from src/main/AndroidManifest.xml:3:11-45
		INJECTED from src/main/AndroidManifest.xml
		INJECTED from src/main/AndroidManifest.xml
	android:versionName
		INJECTED from src/main/AndroidManifest.xml
		ADDED from src/main/AndroidManifest.xml:2:1-25:12
		INJECTED from src/main/AndroidManifest.xml
	android:versionCode
		INJECTED from src/main/AndroidManifest.xml
		ADDED from src/main/AndroidManifest.xml:2:1-25:12
		INJECTED from src/main/AndroidManifest.xml
	xmlns:android
		ADDED from src/main/AndroidManifest.xml:2:11-69
application
ADDED from src/main/AndroidManifest.xml:5:5-23:19
activity#com.aliyun.demo.importer.ImportEditSettingTest
ADDED from src/main/AndroidManifest.xml:6:9-13:20
	android:screenOrientation
		ADDED from src/main/AndroidManifest.xml:8:13-49
	android:name
		ADDED from src/main/AndroidManifest.xml:7:13-74
intent-filter#android.intent.category.DEFAULT+com.duanqu.qupai.action.import.setting
ADDED from src/main/AndroidManifest.xml:9:13-12:29
action#com.duanqu.qupai.action.import.setting
ADDED from src/main/AndroidManifest.xml:10:17-80
	android:name
		ADDED from src/main/AndroidManifest.xml:10:25-78
category#android.intent.category.DEFAULT
ADDED from src/main/AndroidManifest.xml:11:17-75
	android:name
		ADDED from src/main/AndroidManifest.xml:11:27-73
activity#com.aliyun.demo.importer.MediaActivity
ADDED from src/main/AndroidManifest.xml:14:9-21:20
	android:screenOrientation
		ADDED from src/main/AndroidManifest.xml:16:13-49
	android:name
		ADDED from src/main/AndroidManifest.xml:15:13-66
intent-filter#android.intent.category.DEFAULT+com.duanqu.qupai.action.import
ADDED from src/main/AndroidManifest.xml:17:13-20:29
action#com.duanqu.qupai.action.import
ADDED from src/main/AndroidManifest.xml:18:17-72
	android:name
		ADDED from src/main/AndroidManifest.xml:18:25-70
uses-sdk
INJECTED from src/main/AndroidManifest.xml reason: use-sdk injection requested
INJECTED from src/main/AndroidManifest.xml
INJECTED from src/main/AndroidManifest.xml
INJECTED from src/main/AndroidManifest.xml
INJECTED from src/main/AndroidManifest.xml
	android:targetSdkVersion
		INJECTED from src/main/AndroidManifest.xml
		ADDED from src/main/AndroidManifest.xml
		INJECTED from src/main/AndroidManifest.xml
	android:minSdkVersion
		INJECTED from src/main/AndroidManifest.xml
		ADDED from src/main/AndroidManifest.xml
		INJECTED from src/main/AndroidManifest.xml